@log 2025-01-25 14:47:51,980 - prototip - DEBUG -  @log_stack 




---------------
Frame 0
Filename: log_helper.py
                    Function log_stack 
                      Line: 1555
Local variables:  
 [START_VAR]passed_logger (<class 'logging.Logger'>) = <Logger prototip (DEBUG)>[END_VAR], 
[START_VAR]check_attributes (<class 'bool'>) = True[END_VAR], 
[START_VAR]attr_sets (<class 'list'>) [__len__(): 3] = ['size', 'math', 'hist'][END_VAR], 
[START_VAR]added_attribute_names (<class 'list'>) [__len__(): 0] = [][END_VAR], 
[START_VAR]logging_string (<class 'str'>) [__len__(): 13] = ' @log_stack \n'[END_VAR], 
[START_VAR]all_info_dicts (<class 'list'>) [__len__(): 0] = [][END_VAR], 
[START_VAR]stack (<class 'list'>) [__len__(): 11] = [FrameInfo(frame=<frame at 0x57b7c4b94290, file '/home/matevz/Desktop/Diplomska/Framework/Work/python_logger/log_helper.py', line 1556, code log_stack>, filename='/home/matevz/Desktop/Diplomska/Framework/Work/python_logger/log_helper.py', lineno=1550, function='log_stack', code_context=['    stack = inspect.stack()\n'], index=0), FrameInfo(frame=<frame at 0x57b7c4e44010, file '/home/matevz/Desktop/Diplomska/Framework/Work/y_pyscripts/v_test_script.py', line 250, code patchify>, filename='/home/matevz/Desktop/Diplomska/Framework/Work/y_pyscripts/v_test_script.py', lineno=250, function='patchify', code_context=['        py_log_always_on.log_stack(MY_LOGGER, attr_sets=["size", "math", "hist"])\n'], index=0), FrameInfo(frame=<frame at 0x57b7c4f48c10, file '/home/matevz/Desktop/Diplomska/Framework/Work/y_pyscripts/v_test_script.py', line 328, code try_patchification>, filename='/home/matevz/Desktop/Diplomska/Framework/Work/y_pyscripts/v_test_script.py', lineno=328, function='try_patchification', code_context=['        patch_dict = patchify(img, patch_shape, stride)\n'], index=0), FrameInfo(frame=<frame at 0x7d5daeba2420, file '/home/matevz/Desktop/Diplomska/Framework/Work/y_pyscripts/v_test_script.py', line 384, code <module>>, filename='/home/matevz/Desktop/Diplomska/Framework/Work/y_pyscripts/v_test_script.py', lineno=384, function='<module>', code_context=['try_patchification()\n'], index=0), FrameInfo(frame=<frame at 0x7d5daec86200, file '<frozen importlib._bootstrap>', line 228, code _call_with_frames_removed>, filename='<frozen importlib._bootstrap>', lineno=228, function='_call_with_frames_removed', code_context=None, index=None), FrameInfo(frame=<frame at 0x7d5daec5cc80, file '<frozen importlib._bootstrap_external>', line 850, code exec_module>, filename='<frozen importlib._bootstrap_external>', lineno=850, function='exec_module', code_context=None, index=None), FrameInfo(frame=<frame at 0x7d5daed31be0, file '<frozen importlib._bootstrap>', line 680, code _load_unlocked>, filename='<frozen importlib._bootstrap>', lineno=680, function='_load_unlocked', code_context=None, index=None), FrameInfo(frame=<frame at 0x57b7be4ed4a0, file '<frozen importlib._bootstrap>', line 986, code _find_and_load_unlocked>, filename='<frozen importlib._bootstrap>', lineno=986, function='_find_and_load_unlocked', code_context=None, index=None), FrameInfo(frame=<frame at 0x7d5daebe7d60, file '<frozen importlib._bootstrap>', line 1007, code _find_and_load>, filename='<frozen importlib._bootstrap>', lineno=1007, function='_find_and_load', code_context=None, index=None), FrameInfo(frame=<frame at 0x57b7be512730, file '/home/matevz/miniforge3/envs/ipad/lib/python3.9/runpy.py', line 111, code _get_module_details>, filename='/home/matevz/miniforge3/envs/ipad/lib/python3.9/runpy.py', lineno=111, function='_get_module_details', code_context=['            __import__(pkg_name)\n'], index=0), FrameInfo(frame=<frame at 0x57b7be54d830, file '/home/matevz/miniforge3/envs/ipad/lib/python3.9/runpy.py', line 188, code _run_module_as_main>, filename='/home/matevz/miniforge3/envs/ipad/lib/python3.9/runpy.py', lineno=188, function='_run_module_as_main', code_context=['            mod_name, mod_spec, code = _get_module_details(mod_name, _Error)\n'], index=0)][END_VAR], 
[START_VAR]ix (<class 'int'>) = 0[END_VAR], 
[START_VAR]frame_info_class (<class 'inspect.FrameInfo'>) [__len__(): 6] = FrameInfo(frame=<frame at 0x57b7c4b94290, file '/home/matevz/Desktop/Diplomska/Framework/Work/python_logger/log_helper.py', line 1556, code log_stack>, filename='/home/matevz/Desktop/Diplomska/Framework/Work/python_logger/log_helper.py', lineno=1550, function='log_stack', code_context=['    stack = inspect.stack()\n'], index=0)[END_VAR], 
[START_VAR]frame (<class 'frame'>) = <frame at 0x57b7c4b94290, file '/home/matevz/Desktop/Diplomska/Framework/Work/python_logger/log_helper.py', line 1556, code log_stack>[END_VAR]




---------------
Frame 1
Filename: v_test_script.py
                    Function patchify 
                      Line: 250
Local variables:  
 [START_VAR]stride (<class 'tuple'>) [__len__(): 2] = (45, 55)[END_VAR], 
[START_VAR]e (<class 'TypeError'>) = TypeError('cannot unpack non-iterable NoneType object')[END_VAR], 
[START_VAR]patch_shape (<class 'tuple'>) [__len__(): 2] = (90, 110)[END_VAR], 
[START_VAR]tensor_img (<class 'torch.Tensor'>) [shape: torch.Size([1, 5, 512, 1024])] [size(): torch.Size([1, 5, 512, 1024])] [dtype: torch.float32] [__len__(): 1] [mean(): 0.24178941547870636] [std(): 0.26403823494911194] [min(): 0.0] [max(): 0.9960784316062927] [sum(): 633836.4375] 
 Num of unique vals: 241. Min: 0.0 count: (911170), Max: 0.9960784316062927 count: (1). Hist (includes min and max vals):
 (percentage, count : range)
50.28%, 1318090.0 : 0.0-0.09960784018039703
3.33%, 87303.0 : 0.09960784018039703-0.19921568036079407
5.41%, 141854.0 : 0.19921568036079407-0.2988235354423523
7.13%, 186912.0 : 0.2988235354423523-0.39843136072158813
9.96%, 261172.0 : 0.39843136072158813-0.49803924560546875
9.87%, 258668.0 : 0.49803924560546875-0.5976470708847046
8.85%, 232003.0 : 0.5976470708847046-0.6972548961639404
5.08%, 133136.0 : 0.6972548961639404-0.7968627214431763
0.07%, 1777.0 : 0.7968627214431763-0.8964706063270569
0.02%, 525.0 : 0.8964706063270569-0.9960784316062927
= tensor([[[[0.0235, 0.0235, 0.0235,  ..., 0.0235, 0.0235, 0.0235],
          [0.0235, 0.0235, 0.0235,  ..., 0.0235, 0.0235, 0.0235],
          [0.0235, 0.0235, 0.0235,  ..., 0.0235, 0.0235, 0.0235],
          ...,
          [0.0235, 0.0235, 0.0235,  ..., 0.4784, 0.4824, 0.4902],
          [0.0235, 0.0235, 0.0235,  ..., 0.4706, 0.4784, 0.4745],
          [0.0235, 0.0235, 0.0235,  ..., 0.4745, 0.4745, 0.4863]],

         [[0.0235, 0.0235, 0.0235,  ..., 0.0235, 0.0235, 0.0235],
          [0.0235, 0.0235, 0.0235,  ..., 0.0235, 0.0235, 0.0235],
          [0.0235, 0.0235, 0.0235,  ..., 0.0235, 0.0235, 0.0235],
          ...,
          [0.0235, 0.0235, 0.0235,  ..., 0.4039, 0.4078, 0.4196],
          [0.0235, 0.0235, 0.0235,  ..., 0.4000, 0.4039, 0.4039],
          [0.0235, 0.0235, 0.0235,  ..., 0.4118, 0.4000, 0.4118]],

         [[0.0235, 0.0235, 0.0235,  ..., 0.0235, 0.0235, 0.0235],
          [0.0235, 0.0235, 0.0235,  ..., 0.0235, 0.0235, 0.0235],
          [0.0235, 0.0235, 0.0235,  ..., 0.0235, 0.0235, 0.0235],
          ...,
          [0.0235, 0.0235, 0.0235,  ..., 0.2588, 0.2667, 0.2784],
          [0.0235, 0.0235, 0.0235,  ..., 0.2627, 0.2667, 0.2745],
          [0.0235, 0.0235, 0.0235,  ..., 0.2588, 0.2627, 0.2824]],

         [[0.0000, 0.0000, 0.0000,  ..., 0.0000, 0.0000, 0.0000],
          [0.0000, 0.0000, 0.0000,  ..., 0.0000, 0.0000, 0.0000],
          [0.0000, 0.0000, 0.0000,  ..., 0.0000, 0.0000, 0.0000],
          ...,
          [0.0000, 0.0000, 0.0000,  ..., 0.0000, 0.0000, 0.0000],
          [0.0000, 0.0000, 0.0000,  ..., 0.0000, 0.0000, 0.0000],
          [0.0000, 0.0000, 0.0000,  ..., 0.0000, 0.0000, 0.0000]],

         [[0.0000, 0.0000, 0.0000,  ..., 0.0000, 0.0000, 0.0000],
          [0.0000, 0.0000, 0.0000,  ..., 0.0000, 0.0000, 0.0000],
          [0.0000, 0.0000, 0.0000,  ..., 0.0000, 0.0000, 0.0000],
          ...,
          [0.0000, 0.0000, 0.0000,  ..., 0.0000, 0.0000, 0.0000],
          [0.0000, 0.0000, 0.0000,  ..., 0.0000, 0.0000, 0.0000],
          [0.0000, 0.0000, 0.0000,  ..., 0.0000, 0.0000, 0.0000]]]])[END_VAR]




---------------
Frame 2
Filename: v_test_script.py
                    Function try_patchification 
                      Line: 328
Local variables:  
 [START_VAR]img (<class 'torch.Tensor'>) [shape: torch.Size([1, 5, 512, 1024])] [size(): torch.Size([1, 5, 512, 1024])] [dtype: torch.float32] [__len__(): 1] [mean(): 0.24178941547870636] [std(): 0.26403823494911194] [min(): 0.0] [max(): 0.9960784316062927] [sum(): 633836.4375] 
 Num of unique vals: 241. Min: 0.0 count: (911170), Max: 0.9960784316062927 count: (1). Hist (includes min and max vals):
 (percentage, count : range)
50.28%, 1318090.0 : 0.0-0.09960784018039703
3.33%, 87303.0 : 0.09960784018039703-0.19921568036079407
5.41%, 141854.0 : 0.19921568036079407-0.2988235354423523
7.13%, 186912.0 : 0.2988235354423523-0.39843136072158813
9.96%, 261172.0 : 0.39843136072158813-0.49803924560546875
9.87%, 258668.0 : 0.49803924560546875-0.5976470708847046
8.85%, 232003.0 : 0.5976470708847046-0.6972548961639404
5.08%, 133136.0 : 0.6972548961639404-0.7968627214431763
0.07%, 1777.0 : 0.7968627214431763-0.8964706063270569
0.02%, 525.0 : 0.8964706063270569-0.9960784316062927
= tensor([[[[0.0235, 0.0235, 0.0235,  ..., 0.0235, 0.0235, 0.0235],
          [0.0235, 0.0235, 0.0235,  ..., 0.0235, 0.0235, 0.0235],
          [0.0235, 0.0235, 0.0235,  ..., 0.0235, 0.0235, 0.0235],
          ...,
          [0.0235, 0.0235, 0.0235,  ..., 0.4784, 0.4824, 0.4902],
          [0.0235, 0.0235, 0.0235,  ..., 0.4706, 0.4784, 0.4745],
          [0.0235, 0.0235, 0.0235,  ..., 0.4745, 0.4745, 0.4863]],

         [[0.0235, 0.0235, 0.0235,  ..., 0.0235, 0.0235, 0.0235],
          [0.0235, 0.0235, 0.0235,  ..., 0.0235, 0.0235, 0.0235],
          [0.0235, 0.0235, 0.0235,  ..., 0.0235, 0.0235, 0.0235],
          ...,
          [0.0235, 0.0235, 0.0235,  ..., 0.4039, 0.4078, 0.4196],
          [0.0235, 0.0235, 0.0235,  ..., 0.4000, 0.4039, 0.4039],
          [0.0235, 0.0235, 0.0235,  ..., 0.4118, 0.4000, 0.4118]],

         [[0.0235, 0.0235, 0.0235,  ..., 0.0235, 0.0235, 0.0235],
          [0.0235, 0.0235, 0.0235,  ..., 0.0235, 0.0235, 0.0235],
          [0.0235, 0.0235, 0.0235,  ..., 0.0235, 0.0235, 0.0235],
          ...,
          [0.0235, 0.0235, 0.0235,  ..., 0.2588, 0.2667, 0.2784],
          [0.0235, 0.0235, 0.0235,  ..., 0.2627, 0.2667, 0.2745],
          [0.0235, 0.0235, 0.0235,  ..., 0.2588, 0.2627, 0.2824]],

         [[0.0000, 0.0000, 0.0000,  ..., 0.0000, 0.0000, 0.0000],
          [0.0000, 0.0000, 0.0000,  ..., 0.0000, 0.0000, 0.0000],
          [0.0000, 0.0000, 0.0000,  ..., 0.0000, 0.0000, 0.0000],
          ...,
          [0.0000, 0.0000, 0.0000,  ..., 0.0000, 0.0000, 0.0000],
          [0.0000, 0.0000, 0.0000,  ..., 0.0000, 0.0000, 0.0000],
          [0.0000, 0.0000, 0.0000,  ..., 0.0000, 0.0000, 0.0000]],

         [[0.0000, 0.0000, 0.0000,  ..., 0.0000, 0.0000, 0.0000],
          [0.0000, 0.0000, 0.0000,  ..., 0.0000, 0.0000, 0.0000],
          [0.0000, 0.0000, 0.0000,  ..., 0.0000, 0.0000, 0.0000],
          ...,
          [0.0000, 0.0000, 0.0000,  ..., 0.0000, 0.0000, 0.0000],
          [0.0000, 0.0000, 0.0000,  ..., 0.0000, 0.0000, 0.0000],
          [0.0000, 0.0000, 0.0000,  ..., 0.0000, 0.0000, 0.0000]]]])[END_VAR], 
[START_VAR]patch_shape (<class 'tuple'>) [__len__(): 2] = (90, 110)[END_VAR], 
[START_VAR]stride (<class 'tuple'>) [__len__(): 2] = (45, 55)[END_VAR]




---------------
Frame 3
Filename: v_test_script.py
                    Function <module> 
                      Line: 384
Local variables:  
 [START_VAR]__name__ (<class 'str'>) [__len__(): 25] = 'y_pyscripts.v_test_script'[END_VAR], 
[START_VAR]__doc__ (<class 'NoneType'>) = None[END_VAR], 
[START_VAR]__package__ (<class 'str'>) [__len__(): 11] = 'y_pyscripts'[END_VAR], 
[START_VAR]__loader__ (<class '_frozen_importlib_external.SourceFileLoader'>) = <_frozen_importlib_external.SourceFileLoader object at 0x7d5daeb97e80>[END_VAR], 
[START_VAR]__spec__ (<class '_frozen_importlib.ModuleSpec'>) = ModuleSpec(name='y_pyscripts.v_test_script', loader=<_frozen_importlib_external.SourceFileLoader object at 0x7d5daeb97e80>, origin='/home/matevz/Desktop/Diplomska/Framework/Work/y_pyscripts/v_test_script.py')[END_VAR], 
[START_VAR]__file__ (<class 'str'>) [__len__(): 74] = '/home/matevz/Desktop/Diplomska/Framework/Work/y_pyscripts/v_test_script.py'[END_VAR], 
[START_VAR]__cached__ (<class 'str'>) [__len__(): 98] = '/home/matevz/Desktop/Diplomska/Framework/Work/y_pyscripts/__pycache__/v_test_script.cpython-39.pyc'[END_VAR], 
[START_VAR]__builtins__ (<class 'dict'>) [__len__(): 154] = {'__name__': 'builtins', '__doc__': "Built-in functions, exceptions, and other objects.\n\nNoteworthy: None is the `nil' object; Ellipsis represents `...' in slices.", '__package__': '', '__loader__': <class '_frozen_importlib.BuiltinImporter'>, '__spec__': ModuleSpec(name='builtins', loader=<class '_frozen_importlib.BuiltinImporter'>, origin='built-in'), '__build_class__': <built-in function __build_class__>, '__import__': <built-in function __import__>, 'abs': <built-in function abs>, 'all': <built-in function all>, 'any': <built-in function any>, 'ascii': <built-in function ascii>, 'bin': <built-in function bin>, 'breakpoint': <built-in function breakpoint>, 'callable': <built-in function callable>, 'chr': <built-in function chr>, 'compile': <built-in function compile>, 'delattr': <built-in function delattr>, 'dir': <built-in function dir>, 'divmod': <built-in function divmod>, 'eval': <built-in function eval>, 'exec': <built-in function exec>, 'format': <built-in function format>, 'getattr': <built-in function getattr>, 'globals': <built-in function globals>, 'hasattr': <built-in function hasattr>, 'hash': <built-in function hash>, 'hex': <built-in function hex>, 'id': <built-in function id>, 'input': <built-in function input>, 'isinstance': <built-in function isinstance>, 'issubclass': <built-in function issubclass>, 'iter': <built-in function iter>, 'len': <built-in function len>, 'locals': <built-in function locals>, 'max': <built-in function max>, 'min': <built-in function min>, 'next': <built-in function next>, 'oct': <built-in function oct>, 'ord': <built-in function ord>, 'pow': <built-in function pow>, 'print': <built-in function print>, 'repr': <built-in function repr>, 'round': <built-in function round>, 'setattr': <built-in function setattr>, 'sorted': <built-in function sorted>, 'sum': <built-in function sum>, 'vars': <built-in function vars>, 'None': None, 'Ellipsis': Ellipsis, 'NotImplemented': NotImplemented, 'False': False, 'True': True, 'bool': <class 'bool'>, 'memoryview': <class 'memoryview'>, 'bytearray': <class 'bytearray'>, 'bytes': <class 'bytes'>, 'classmethod': <class 'classmethod'>, 'complex': <class 'complex'>, 'dict': <class 'dict'>, 'enumerate': <class 'enumerate'>, 'filter': <class 'filter'>, 'float': <class 'float'>, 'frozenset': <class 'frozenset'>, 'property': <class 'property'>, 'int': <class 'int'>, 'list': <class 'list'>, 'map': <class 'map'>, 'object': <class 'object'>, 'range': <class 'range'>, 'reversed': <class 'reversed'>, 'set': <class 'set'>, 'slice': <class 'slice'>, 'staticmethod': <class 'staticmethod'>, 'str': <class 'str'>, 'super': <class 'super'>, 'tuple': <class 'tuple'>, 'type': <class 'type'>, 'zip': <class 'zip'>, '__debug__': True, 'BaseException': <class 'BaseException'>, 'Exception': <class 'Exception'>, 'TypeError': <class 'TypeError'>, 'StopAsyncIteration': <class 'StopAsyncIteration'>, 'StopIteration': <class 'StopIteration'>, 'GeneratorExit': <class 'GeneratorExit'>, 'SystemExit': <class 'SystemExit'>, 'KeyboardInterrupt': <class 'KeyboardInterrupt'>, 'ImportError': <class 'ImportError'>, 'ModuleNotFoundError': <class 'ModuleNotFoundError'>, 'OSError': <class 'OSError'>, 'EnvironmentError': <class 'OSError'>, 'IOError': <class 'OSError'>, 'EOFError': <class 'EOFError'>, 'RuntimeError': <class 'RuntimeError'>, 'RecursionError': <class 'RecursionError'>, 'NotImplementedError': <class 'NotImplementedError'>, 'NameError': <class 'NameError'>, 'UnboundLocalError': <class 'UnboundLocalError'>, 'AttributeError': <class 'AttributeError'>, 'SyntaxError': <class 'SyntaxError'>, 'IndentationError': <class 'IndentationError'>, 'TabError': <class 'TabError'>, 'LookupError': <class 'LookupError'>, 'IndexError': <class 'IndexError'>, 'KeyError': <class 'KeyError'>, 'ValueError': <class 'ValueError'>, 'UnicodeError': <class 'UnicodeError'>, 'UnicodeEncodeError': <class 'UnicodeEncodeError'>, 'UnicodeDecodeError': <class 'UnicodeDecodeError'>, 'UnicodeTranslateError': <class 'UnicodeTranslateError'>, 'AssertionError': <class 'AssertionError'>, 'ArithmeticError': <class 'ArithmeticError'>, 'FloatingPointError': <class 'FloatingPointError'>, 'OverflowError': <class 'OverflowError'>, 'ZeroDivisionError': <class 'ZeroDivisionError'>, 'SystemError': <class 'SystemError'>, 'ReferenceError': <class 'ReferenceError'>, 'MemoryError': <class 'MemoryError'>, 'BufferError': <class 'BufferError'>, 'Warning': <class 'Warning'>, 'UserWarning': <class 'UserWarning'>, 'DeprecationWarning': <class 'DeprecationWarning'>, 'PendingDeprecationWarning': <class 'PendingDeprecationWarning'>, 'SyntaxWarning': <class 'SyntaxWarning'>, 'RuntimeWarning': <class 'RuntimeWarning'>, 'FutureWarning': <class 'FutureWarning'>, 'ImportWarning': <class 'ImportWarning'>, 'UnicodeWarning': <class 'UnicodeWarning'>, 'BytesWarning': <class 'BytesWarning'>, 'ResourceWarning': <class 'ResourceWarning'>, 'ConnectionError': <class 'ConnectionError'>, 'BlockingIOError': <class 'BlockingIOError'>, 'BrokenPipeError': <class 'BrokenPipeError'>, 'ChildProcessError': <class 'ChildProcessError'>, 'ConnectionAbortedError': <class 'ConnectionAbortedError'>, 'ConnectionRefusedError': <class 'ConnectionRefusedError'>, 'ConnectionResetError': <class 'ConnectionResetError'>, 'FileExistsError': <class 'FileExistsError'>, 'FileNotFoundError': <class 'FileNotFoundError'>, 'IsADirectoryError': <class 'IsADirectoryError'>, 'NotADirectoryError': <class 'NotADirectoryError'>, 'InterruptedError': <class 'InterruptedError'>, 'PermissionError': <class 'PermissionError'>, 'ProcessLookupError': <class 'ProcessLookupError'>, 'TimeoutError': <class 'TimeoutError'>, 'open': <built-in function open>, 'quit': Use quit() or Ctrl-D (i.e. EOF) to exit, 'exit': Use exit() or Ctrl-D (i.e. EOF) to exit, 'copyright': Copyright (c) 2001-2023 Python Software Foundation.
All Rights Reserved.

Copyright (c) 2000 BeOpen.com.
All Rights Reserved.

Copyright (c) 1995-2001 Corporation for National Research Initiatives.
All Rights Reserved.

Copyright (c) 1991-1995 Stichting Mathematisch Centrum, Amsterdam.
All Rights Reserved., 'credits':     Thanks to CWI, CNRI, BeOpen.com, Zope Corporation and a cast of thousands
    for supporting Python development.  See www.python.org for more information., 'license': Type license() to see the full license text, 'help': Type help() for interactive help, or help(object) for help about object., '__pybind11_internals_v4_gcc_libstdcpp_cxxabi1011__': <capsule object NULL at 0x7d5daad60960>, '__pybind11_internals_v4_gcc_libstdcpp_cxxabi1014__': <capsule object NULL at 0x7d5cc5460060>}[END_VAR], 
[START_VAR]os (<class 'module'>) = <module 'os' from '/home/matevz/miniforge3/envs/ipad/lib/python3.9/os.py'>[END_VAR], 
[START_VAR]logging (<class 'module'>) = <module 'logging' from '/home/matevz/miniforge3/envs/ipad/lib/python3.9/logging/__init__.py'>[END_VAR], 
[START_VAR]py_log (<class 'module'>) = <module 'python_logger.log_helper' from '/home/matevz/Desktop/Diplomska/Framework/Work/python_logger/log_helper.py'>[END_VAR], 
[START_VAR]py_log_always_on (<class 'module'>) = <module 'python_logger.log_helper' from '/home/matevz/Desktop/Diplomska/Framework/Work/python_logger/log_helper.py'>[END_VAR], 
[START_VAR]MY_LOGGER (<class 'logging.Logger'>) = <Logger prototip (DEBUG)>[END_VAR], 
[START_VAR]python_logger_path (<class 'str'>) [__len__(): 71] = '/home/matevz/Desktop/Diplomska/Framework/Work/y_pyscripts/python_logger'[END_VAR], 
[START_VAR]handlers (<class 'python_logger.log_helper.FileAndStreamHandlers'>) = <python_logger.log_helper.FileAndStreamHandlers object at 0x7d5daeb41100>[END_VAR], 
[START_VAR]IrisDataset (<class 'type'>) (logger error in trying to get __len__. Error: __len__() missing 1 required positional argument: 'self') = <class 'dataset.IrisDataset'>[END_VAR], 
[START_VAR]INPUT_DIMS (<class 'dict'>) [__len__(): 3] = {'width': 1024, 'height': 512, 'channels': 5}[END_VAR], 
[START_VAR]OUTPUT_DIMS (<class 'dict'>) [__len__(): 3] = {'width': 1024, 'height': 512, 'channels': 2}[END_VAR], 
[START_VAR]model_parameters (<class 'dict'>) [__len__(): 7] = {'output_y': 512, 'output_x': 1024, 'n_channels': 5, 'n_classes': 2, 'starting_kernels': 64, 'expansion': 2, 'depth': 6}[END_VAR], 
[START_VAR]dataset_args (<class 'dict'>) [__len__(): 12] = {'testrun': True, 'testrun_size': 2, 'input_width': 1024, 'input_height': 512, 'output_width': 1024, 'output_height': 512, 'path_to_sclera_data': 'Data/vein_and_sclera_data', 'n_classes': 2, 'zero_out_non_sclera': False, 'add_sclera_to_img': False, 'add_bcosfire_to_img': True, 'add_coye_to_img': True}[END_VAR], 
[START_VAR]data_path (<class 'str'>) [__len__(): 25] = 'Data/vein_and_sclera_data'[END_VAR], 
[START_VAR]train_dataset (<class 'dataset.IrisDataset'>) [__len__(): 2] = <dataset.IrisDataset object at 0x7d5daeb51130>[END_VAR], 
[START_VAR]real_imgs (<class 'dict'>) [__len__(): 4] = {'images': tensor([[[[0., 0., 0.,  ..., 0., 0., 0.],
          [0., 0., 0.,  ..., 0., 0., 0.],
          [0., 0., 0.,  ..., 0., 0., 0.],
          ...,
          [0., 0., 0.,  ..., 0., 0., 0.],
          [0., 0., 0.,  ..., 0., 0., 0.],
          [0., 0., 0.,  ..., 0., 0., 0.]],

         [[0., 0., 0.,  ..., 0., 0., 0.],
          [0., 0., 0.,  ..., 0., 0., 0.],
          [0., 0., 0.,  ..., 0., 0., 0.],
          ...,
          [0., 0., 0.,  ..., 0., 0., 0.],
          [0., 0., 0.,  ..., 0., 0., 0.],
          [0., 0., 0.,  ..., 0., 0., 0.]],

         [[0., 0., 0.,  ..., 0., 0., 0.],
          [0., 0., 0.,  ..., 0., 0., 0.],
          [0., 0., 0.,  ..., 0., 0., 0.],
          ...,
          [0., 0., 0.,  ..., 0., 0., 0.],
          [0., 0., 0.,  ..., 0., 0., 0.],
          [0., 0., 0.,  ..., 0., 0., 0.]],

         [[0., 0., 0.,  ..., 0., 0., 0.],
          [0., 0., 0.,  ..., 0., 0., 0.],
          [0., 0., 0.,  ..., 0., 0., 0.],
          ...,
          [0., 0., 0.,  ..., 0., 0., 0.],
          [0., 0., 0.,  ..., 0., 0., 0.],
          [0., 0., 0.,  ..., 0., 0., 0.]],

         [[0., 0., 0.,  ..., 0., 0., 0.],
          [0., 0., 0.,  ..., 0., 0., 0.],
          [0., 0., 0.,  ..., 0., 0., 0.],
          ...,
          [0., 0., 0.,  ..., 0., 0., 0.],
          [0., 0., 0.,  ..., 0., 0., 0.],
          [0., 0., 0.,  ..., 0., 0., 0.]]]]), 'veins': tensor([[[0, 0, 0,  ..., 0, 0, 0],
         [0, 0, 0,  ..., 0, 0, 0],
         [0, 0, 0,  ..., 0, 0, 0],
         ...,
         [0, 0, 0,  ..., 0, 0, 0],
         [0, 0, 0,  ..., 0, 0, 0],
         [0, 0, 0,  ..., 0, 0, 0]]]), 'scleras': tensor([[[[0., 0., 0.,  ..., 0., 0., 0.],
          [0., 0., 0.,  ..., 0., 0., 0.],
          [0., 0., 0.,  ..., 0., 0., 0.],
          ...,
          [0., 0., 0.,  ..., 0., 0., 0.],
          [0., 0., 0.,  ..., 0., 0., 0.],
          [0., 0., 0.,  ..., 0., 0., 0.]]]]), 'img_names': ['10L_l_1']}[END_VAR], 
[START_VAR]smart_conversion (<class 'function'>) = <function smart_conversion at 0x7d5cba517f70>[END_VAR], 
[START_VAR]show_image (<class 'function'>) = <function show_image at 0x7d5cba517ca0>[END_VAR], 
[START_VAR]save_img_quick_figs (<class 'function'>) = <function save_img_quick_figs at 0x7d5cba517b80>[END_VAR], 
[START_VAR]save_imgs_quick_figs (<class 'function'>) = <function save_imgs_quick_figs at 0x7d5cba517c10>[END_VAR], 
[START_VAR]np (<class 'module'>) (logger error in trying to get shape. Error: shape() missing 1 required positional argument: 'a') (logger error in trying to get size. Error: size() missing 1 required positional argument: 'a') (logger error in trying to get dtype. Error: dtype() missing required argument 'dtype' (pos 1)) (logger error in trying to get mean. Error: mean() missing 1 required positional argument: 'a') (logger error in trying to get std. Error: std() missing 1 required positional argument: 'a') (logger error in trying to get min. Error: min() missing 1 required positional argument: 'a') (logger error in trying to get max. Error: max() missing 1 required positional argument: 'a') (logger error in trying to get sum. Error: sum() missing 1 required positional argument: 'a') = <module 'numpy' from '/home/matevz/miniforge3/envs/ipad/lib/python3.9/site-packages/numpy/__init__.py'>[END_VAR], 
[START_VAR]torch (<class 'module'>) (logger error in trying to get dtype. Error: cannot create 'torch.dtype' instances) (logger error in trying to get mean. Error: mean() received an invalid combination of arguments - got (), but expected one of:
 * (Tensor input, *, torch.dtype dtype = None, Tensor out = None)
 * (Tensor input, tuple of ints dim, bool keepdim = False, *, torch.dtype dtype = None, Tensor out = None)
 * (Tensor input, tuple of names dim, bool keepdim = False, *, torch.dtype dtype = None, Tensor out = None)
) (logger error in trying to get std. Error: std() received an invalid combination of arguments - got (), but expected one of:
 * (Tensor input, tuple of ints dim, bool unbiased = True, bool keepdim = False, *, Tensor out = None)
 * (Tensor input, tuple of ints dim = None, *, Number correction = None, bool keepdim = False, Tensor out = None)
 * (Tensor input, bool unbiased = True)
 * (Tensor input, tuple of names dim, bool unbiased = True, bool keepdim = False, *, Tensor out = None)
 * (Tensor input, tuple of names dim, *, Number correction = None, bool keepdim = False, Tensor out = None)
) (logger error in trying to get min. Error: min() received an invalid combination of arguments - got (), but expected one of:
 * (Tensor input, *, Tensor out = None)
 * (Tensor input, Tensor other, *, Tensor out = None)
 * (Tensor input, int dim, bool keepdim = False, *, tuple of Tensors out = None)
 * (Tensor input, name dim, bool keepdim = False, *, tuple of Tensors out = None)
) (logger error in trying to get max. Error: max() received an invalid combination of arguments - got (), but expected one of:
 * (Tensor input, *, Tensor out = None)
 * (Tensor input, Tensor other, *, Tensor out = None)
 * (Tensor input, int dim, bool keepdim = False, *, tuple of Tensors out = None)
 * (Tensor input, name dim, bool keepdim = False, *, tuple of Tensors out = None)
) (logger error in trying to get sum. Error: sum() received an invalid combination of arguments - got (), but expected one of:
 * (Tensor input, *, torch.dtype dtype = None)
 * (Tensor input, tuple of ints dim, bool keepdim = False, *, torch.dtype dtype = None, Tensor out = None)
 * (Tensor input, tuple of names dim, bool keepdim = False, *, torch.dtype dtype = None, Tensor out = None)
) = <module 'torch' from '/home/matevz/miniforge3/envs/ipad/lib/python3.9/site-packages/torch/__init__.py'>[END_VAR], 
[START_VAR]plt (<class 'module'>) = <module 'matplotlib.pyplot' from '/home/matevz/miniforge3/envs/ipad/lib/python3.9/site-packages/matplotlib/pyplot.py'>[END_VAR], 
[START_VAR]osp (<class 'module'>) = <module 'posixpath' from '/home/matevz/miniforge3/envs/ipad/lib/python3.9/posixpath.py'>[END_VAR], 
[START_VAR]unfold_3chan (<class 'function'>) = <function unfold_3chan at 0x7d5daeb95940>[END_VAR], 
[START_VAR]patchify (<class 'function'>) = <function patchify at 0x7d5cba521c10>[END_VAR], 
[START_VAR]accumulate_patches (<class 'function'>) = <function accumulate_patches at 0x7d5cba521ee0>[END_VAR], 
[START_VAR]try_patchification (<class 'function'>) = <function try_patchification at 0x7d5cba521f70>[END_VAR]




---------------
Frame 4
Filename: <frozen importlib._bootstrap>
                    Function _call_with_frames_removed 
                      Line: 228
Local variables:  
 [START_VAR]f (<class 'builtin_function_or_method'>) = <built-in function exec>[END_VAR], 
[START_VAR]args (<class 'tuple'>) [__len__(): 2] = (<code object <module> at 0x7d5daeb56c90, file "/home/matevz/Desktop/Diplomska/Framework/Work/y_pyscripts/v_test_script.py", line 5>, {'__name__': 'y_pyscripts.v_test_script', '__doc__': None, '__package__': 'y_pyscripts', '__loader__': <_frozen_importlib_external.SourceFileLoader object at 0x7d5daeb97e80>, '__spec__': ModuleSpec(name='y_pyscripts.v_test_script', loader=<_frozen_importlib_external.SourceFileLoader object at 0x7d5daeb97e80>, origin='/home/matevz/Desktop/Diplomska/Framework/Work/y_pyscripts/v_test_script.py'), '__file__': '/home/matevz/Desktop/Diplomska/Framework/Work/y_pyscripts/v_test_script.py', '__cached__': '/home/matevz/Desktop/Diplomska/Framework/Work/y_pyscripts/__pycache__/v_test_script.cpython-39.pyc', '__builtins__': {'__name__': 'builtins', '__doc__': "Built-in functions, exceptions, and other objects.\n\nNoteworthy: None is the `nil' object; Ellipsis represents `...' in slices.", '__package__': '', '__loader__': <class '_frozen_importlib.BuiltinImporter'>, '__spec__': ModuleSpec(name='builtins', loader=<class '_frozen_importlib.BuiltinImporter'>, origin='built-in'), '__build_class__': <built-in function __build_class__>, '__import__': <built-in function __import__>, 'abs': <built-in function abs>, 'all': <built-in function all>, 'any': <built-in function any>, 'ascii': <built-in function ascii>, 'bin': <built-in function bin>, 'breakpoint': <built-in function breakpoint>, 'callable': <built-in function callable>, 'chr': <built-in function chr>, 'compile': <built-in function compile>, 'delattr': <built-in function delattr>, 'dir': <built-in function dir>, 'divmod': <built-in function divmod>, 'eval': <built-in function eval>, 'exec': <built-in function exec>, 'format': <built-in function format>, 'getattr': <built-in function getattr>, 'globals': <built-in function globals>, 'hasattr': <built-in function hasattr>, 'hash': <built-in function hash>, 'hex': <built-in function hex>, 'id': <built-in function id>, 'input': <built-in function input>, 'isinstance': <built-in function isinstance>, 'issubclass': <built-in function issubclass>, 'iter': <built-in function iter>, 'len': <built-in function len>, 'locals': <built-in function locals>, 'max': <built-in function max>, 'min': <built-in function min>, 'next': <built-in function next>, 'oct': <built-in function oct>, 'ord': <built-in function ord>, 'pow': <built-in function pow>, 'print': <built-in function print>, 'repr': <built-in function repr>, 'round': <built-in function round>, 'setattr': <built-in function setattr>, 'sorted': <built-in function sorted>, 'sum': <built-in function sum>, 'vars': <built-in function vars>, 'None': None, 'Ellipsis': Ellipsis, 'NotImplemented': NotImplemented, 'False': False, 'True': True, 'bool': <class 'bool'>, 'memoryview': <class 'memoryview'>, 'bytearray': <class 'bytearray'>, 'bytes': <class 'bytes'>, 'classmethod': <class 'classmethod'>, 'complex': <class 'complex'>, 'dict': <class 'dict'>, 'enumerate': <class 'enumerate'>, 'filter': <class 'filter'>, 'float': <class 'float'>, 'frozenset': <class 'frozenset'>, 'property': <class 'property'>, 'int': <class 'int'>, 'list': <class 'list'>, 'map': <class 'map'>, 'object': <class 'object'>, 'range': <class 'range'>, 'reversed': <class 'reversed'>, 'set': <class 'set'>, 'slice': <class 'slice'>, 'staticmethod': <class 'staticmethod'>, 'str': <class 'str'>, 'super': <class 'super'>, 'tuple': <class 'tuple'>, 'type': <class 'type'>, 'zip': <class 'zip'>, '__debug__': True, 'BaseException': <class 'BaseException'>, 'Exception': <class 'Exception'>, 'TypeError': <class 'TypeError'>, 'StopAsyncIteration': <class 'StopAsyncIteration'>, 'StopIteration': <class 'StopIteration'>, 'GeneratorExit': <class 'GeneratorExit'>, 'SystemExit': <class 'SystemExit'>, 'KeyboardInterrupt': <class 'KeyboardInterrupt'>, 'ImportError': <class 'ImportError'>, 'ModuleNotFoundError': <class 'ModuleNotFoundError'>, 'OSError': <class 'OSError'>, 'EnvironmentError': <class 'OSError'>, 'IOError': <class 'OSError'>, 'EOFError': <class 'EOFError'>, 'RuntimeError': <class 'RuntimeError'>, 'RecursionError': <class 'RecursionError'>, 'NotImplementedError': <class 'NotImplementedError'>, 'NameError': <class 'NameError'>, 'UnboundLocalError': <class 'UnboundLocalError'>, 'AttributeError': <class 'AttributeError'>, 'SyntaxError': <class 'SyntaxError'>, 'IndentationError': <class 'IndentationError'>, 'TabError': <class 'TabError'>, 'LookupError': <class 'LookupError'>, 'IndexError': <class 'IndexError'>, 'KeyError': <class 'KeyError'>, 'ValueError': <class 'ValueError'>, 'UnicodeError': <class 'UnicodeError'>, 'UnicodeEncodeError': <class 'UnicodeEncodeError'>, 'UnicodeDecodeError': <class 'UnicodeDecodeError'>, 'UnicodeTranslateError': <class 'UnicodeTranslateError'>, 'AssertionError': <class 'AssertionError'>, 'ArithmeticError': <class 'ArithmeticError'>, 'FloatingPointError': <class 'FloatingPointError'>, 'OverflowError': <class 'OverflowError'>, 'ZeroDivisionError': <class 'ZeroDivisionError'>, 'SystemError': <class 'SystemError'>, 'ReferenceError': <class 'ReferenceError'>, 'MemoryError': <class 'MemoryError'>, 'BufferError': <class 'BufferError'>, 'Warning': <class 'Warning'>, 'UserWarning': <class 'UserWarning'>, 'DeprecationWarning': <class 'DeprecationWarning'>, 'PendingDeprecationWarning': <class 'PendingDeprecationWarning'>, 'SyntaxWarning': <class 'SyntaxWarning'>, 'RuntimeWarning': <class 'RuntimeWarning'>, 'FutureWarning': <class 'FutureWarning'>, 'ImportWarning': <class 'ImportWarning'>, 'UnicodeWarning': <class 'UnicodeWarning'>, 'BytesWarning': <class 'BytesWarning'>, 'ResourceWarning': <class 'ResourceWarning'>, 'ConnectionError': <class 'ConnectionError'>, 'BlockingIOError': <class 'BlockingIOError'>, 'BrokenPipeError': <class 'BrokenPipeError'>, 'ChildProcessError': <class 'ChildProcessError'>, 'ConnectionAbortedError': <class 'ConnectionAbortedError'>, 'ConnectionRefusedError': <class 'ConnectionRefusedError'>, 'ConnectionResetError': <class 'ConnectionResetError'>, 'FileExistsError': <class 'FileExistsError'>, 'FileNotFoundError': <class 'FileNotFoundError'>, 'IsADirectoryError': <class 'IsADirectoryError'>, 'NotADirectoryError': <class 'NotADirectoryError'>, 'InterruptedError': <class 'InterruptedError'>, 'PermissionError': <class 'PermissionError'>, 'ProcessLookupError': <class 'ProcessLookupError'>, 'TimeoutError': <class 'TimeoutError'>, 'open': <built-in function open>, 'quit': Use quit() or Ctrl-D (i.e. EOF) to exit, 'exit': Use exit() or Ctrl-D (i.e. EOF) to exit, 'copyright': Copyright (c) 2001-2023 Python Software Foundation.
All Rights Reserved.

Copyright (c) 2000 BeOpen.com.
All Rights Reserved.

Copyright (c) 1995-2001 Corporation for National Research Initiatives.
All Rights Reserved.

Copyright (c) 1991-1995 Stichting Mathematisch Centrum, Amsterdam.
All Rights Reserved., 'credits':     Thanks to CWI, CNRI, BeOpen.com, Zope Corporation and a cast of thousands
    for supporting Python development.  See www.python.org for more information., 'license': Type license() to see the full license text, 'help': Type help() for interactive help, or help(object) for help about object., '__pybind11_internals_v4_gcc_libstdcpp_cxxabi1011__': <capsule object NULL at 0x7d5daad60960>, '__pybind11_internals_v4_gcc_libstdcpp_cxxabi1014__': <capsule object NULL at 0x7d5cc5460060>}, 'os': <module 'os' from '/home/matevz/miniforge3/envs/ipad/lib/python3.9/os.py'>, 'logging': <module 'logging' from '/home/matevz/miniforge3/envs/ipad/lib/python3.9/logging/__init__.py'>, 'py_log': <module 'python_logger.log_helper' from '/home/matevz/Desktop/Diplomska/Framework/Work/python_logger/log_helper.py'>, 'py_log_always_on': <module 'python_logger.log_helper' from '/home/matevz/Desktop/Diplomska/Framework/Work/python_logger/log_helper.py'>, 'MY_LOGGER': <Logger prototip (DEBUG)>, 'python_logger_path': '/home/matevz/Desktop/Diplomska/Framework/Work/y_pyscripts/python_logger', 'handlers': <python_logger.log_helper.FileAndStreamHandlers object at 0x7d5daeb41100>, 'IrisDataset': <class 'dataset.IrisDataset'>, 'INPUT_DIMS': {'width': 1024, 'height': 512, 'channels': 5}, 'OUTPUT_DIMS': {'width': 1024, 'height': 512, 'channels': 2}, 'model_parameters': {'output_y': 512, 'output_x': 1024, 'n_channels': 5, 'n_classes': 2, 'starting_kernels': 64, 'expansion': 2, 'depth': 6}, 'dataset_args': {'testrun': True, 'testrun_size': 2, 'input_width': 1024, 'input_height': 512, 'output_width': 1024, 'output_height': 512, 'path_to_sclera_data': 'Data/vein_and_sclera_data', 'n_classes': 2, 'zero_out_non_sclera': False, 'add_sclera_to_img': False, 'add_bcosfire_to_img': True, 'add_coye_to_img': True}, 'data_path': 'Data/vein_and_sclera_data', 'train_dataset': <dataset.IrisDataset object at 0x7d5daeb51130>, 'real_imgs': {'images': tensor([[[[0., 0., 0.,  ..., 0., 0., 0.],
          [0., 0., 0.,  ..., 0., 0., 0.],
          [0., 0., 0.,  ..., 0., 0., 0.],
          ...,
          [0., 0., 0.,  ..., 0., 0., 0.],
          [0., 0., 0.,  ..., 0., 0., 0.],
          [0., 0., 0.,  ..., 0., 0., 0.]],

         [[0., 0., 0.,  ..., 0., 0., 0.],
          [0., 0., 0.,  ..., 0., 0., 0.],
          [0., 0., 0.,  ..., 0., 0., 0.],
          ...,
          [0., 0., 0.,  ..., 0., 0., 0.],
          [0., 0., 0.,  ..., 0., 0., 0.],
          [0., 0., 0.,  ..., 0., 0., 0.]],

         [[0., 0., 0.,  ..., 0., 0., 0.],
          [0., 0., 0.,  ..., 0., 0., 0.],
          [0., 0., 0.,  ..., 0., 0., 0.],
          ...,
          [0., 0., 0.,  ..., 0., 0., 0.],
          [0., 0., 0.,  ..., 0., 0., 0.],
          [0., 0., 0.,  ..., 0., 0., 0.]],

         [[0., 0., 0.,  ..., 0., 0., 0.],
          [0., 0., 0.,  ..., 0., 0., 0.],
          [0., 0., 0.,  ..., 0., 0., 0.],
          ...,
          [0., 0., 0.,  ..., 0., 0., 0.],
          [0., 0., 0.,  ..., 0., 0., 0.],
          [0., 0., 0.,  ..., 0., 0., 0.]],

         [[0., 0., 0.,  ..., 0., 0., 0.],
          [0., 0., 0.,  ..., 0., 0., 0.],
          [0., 0., 0.,  ..., 0., 0., 0.],
          ...,
          [0., 0., 0.,  ..., 0., 0., 0.],
          [0., 0., 0.,  ..., 0., 0., 0.],
          [0., 0., 0.,  ..., 0., 0., 0.]]]]), 'veins': tensor([[[0, 0, 0,  ..., 0, 0, 0],
         [0, 0, 0,  ..., 0, 0, 0],
         [0, 0, 0,  ..., 0, 0, 0],
         ...,
         [0, 0, 0,  ..., 0, 0, 0],
         [0, 0, 0,  ..., 0, 0, 0],
         [0, 0, 0,  ..., 0, 0, 0]]]), 'scleras': tensor([[[[0., 0., 0.,  ..., 0., 0., 0.],
          [0., 0., 0.,  ..., 0., 0., 0.],
          [0., 0., 0.,  ..., 0., 0., 0.],
          ...,
          [0., 0., 0.,  ..., 0., 0., 0.],
          [0., 0., 0.,  ..., 0., 0., 0.],
          [0., 0., 0.,  ..., 0., 0., 0.]]]]), 'img_names': ['10L_l_1']}, 'smart_conversion': <function smart_conversion at 0x7d5cba517f70>, 'show_image': <function show_image at 0x7d5cba517ca0>, 'save_img_quick_figs': <function save_img_quick_figs at 0x7d5cba517b80>, 'save_imgs_quick_figs': <function save_imgs_quick_figs at 0x7d5cba517c10>, 'np': <module 'numpy' from '/home/matevz/miniforge3/envs/ipad/lib/python3.9/site-packages/numpy/__init__.py'>, 'torch': <module 'torch' from '/home/matevz/miniforge3/envs/ipad/lib/python3.9/site-packages/torch/__init__.py'>, 'plt': <module 'matplotlib.pyplot' from '/home/matevz/miniforge3/envs/ipad/lib/python3.9/site-packages/matplotlib/pyplot.py'>, 'osp': <module 'posixpath' from '/home/matevz/miniforge3/envs/ipad/lib/python3.9/posixpath.py'>, 'unfold_3chan': <function unfold_3chan at 0x7d5daeb95940>, 'patchify': <function patchify at 0x7d5cba521c10>, 'accumulate_patches': <function accumulate_patches at 0x7d5cba521ee0>, 'try_patchification': <function try_patchification at 0x7d5cba521f70>})[END_VAR], 
[START_VAR]kwds (<class 'dict'>) [__len__(): 0] = {}[END_VAR]




---------------
Frame 5
Filename: <frozen importlib._bootstrap_external>
                    Function exec_module 
                      Line: 850
Local variables:  
 [START_VAR]self (<class '_frozen_importlib_external.SourceFileLoader'>) = <_frozen_importlib_external.SourceFileLoader object at 0x7d5daeb97e80>[END_VAR], 
[START_VAR]module (<class 'module'>) = <module 'y_pyscripts.v_test_script' from '/home/matevz/Desktop/Diplomska/Framework/Work/y_pyscripts/v_test_script.py'>[END_VAR], 
[START_VAR]code (<class 'code'>) = <code object <module> at 0x7d5daeb56c90, file "/home/matevz/Desktop/Diplomska/Framework/Work/y_pyscripts/v_test_script.py", line 5>[END_VAR]




---------------
Frame 6
Filename: <frozen importlib._bootstrap>
                    Function _load_unlocked 
                      Line: 680
Local variables:  
 [START_VAR]spec (<class '_frozen_importlib.ModuleSpec'>) = ModuleSpec(name='y_pyscripts.v_test_script', loader=<_frozen_importlib_external.SourceFileLoader object at 0x7d5daeb97e80>, origin='/home/matevz/Desktop/Diplomska/Framework/Work/y_pyscripts/v_test_script.py')[END_VAR], 
[START_VAR]module (<class 'module'>) = <module 'y_pyscripts.v_test_script' from '/home/matevz/Desktop/Diplomska/Framework/Work/y_pyscripts/v_test_script.py'>[END_VAR]




---------------
Frame 7
Filename: <frozen importlib._bootstrap>
                    Function _find_and_load_unlocked 
                      Line: 986
Local variables:  
 [START_VAR]name (<class 'str'>) [__len__(): 25] = 'y_pyscripts.v_test_script'[END_VAR], 
[START_VAR]import_ (<class 'builtin_function_or_method'>) = <built-in function __import__>[END_VAR], 
[START_VAR]path (<class '_frozen_importlib_external._NamespacePath'>) [__len__(): 1] = _NamespacePath(['/home/matevz/Desktop/Diplomska/Framework/Work/y_pyscripts'])[END_VAR], 
[START_VAR]parent (<class 'str'>) [__len__(): 11] = 'y_pyscripts'[END_VAR], 
[START_VAR]parent_module (<class 'module'>) = <module 'y_pyscripts' (namespace)>[END_VAR], 
[START_VAR]spec (<class '_frozen_importlib.ModuleSpec'>) = ModuleSpec(name='y_pyscripts.v_test_script', loader=<_frozen_importlib_external.SourceFileLoader object at 0x7d5daeb97e80>, origin='/home/matevz/Desktop/Diplomska/Framework/Work/y_pyscripts/v_test_script.py')[END_VAR]




---------------
Frame 8
Filename: <frozen importlib._bootstrap>
                    Function _find_and_load 
                      Line: 1007
Local variables:  
 [START_VAR]name (<class 'str'>) [__len__(): 25] = 'y_pyscripts.v_test_script'[END_VAR], 
[START_VAR]import_ (<class 'builtin_function_or_method'>) = <built-in function __import__>[END_VAR], 
[START_VAR]module (<class 'object'>) = <object object at 0x7d5daed89060>[END_VAR]




---------------
Frame 9
Filename: runpy.py
                    Function _get_module_details 
                      Line: 111
Local variables:  
 [START_VAR]mod_name (<class 'str'>) [__len__(): 28] = 'y_pyscripts.v_test_script.py'[END_VAR], 
[START_VAR]error (<class 'type'>) = <class 'runpy._Error'>[END_VAR], 
[START_VAR]pkg_name (<class 'str'>) [__len__(): 25] = 'y_pyscripts.v_test_script'[END_VAR], 
[START_VAR]_ (<class 'str'>) [__len__(): 2] = 'py'[END_VAR]




---------------
Frame 10
Filename: runpy.py
                    Function _run_module_as_main 
                      Line: 188
Local variables:  
 [START_VAR]mod_name (<class 'str'>) [__len__(): 28] = 'y_pyscripts.v_test_script.py'[END_VAR], 
[START_VAR]alter_argv (<class 'bool'>) = True[END_VAR]

@log 2025-01-25 14:47:52,056 - prototip - DEBUG -  @log_stack 




---------------
Frame 0
Filename: log_helper.py
                    Function log_stack 
                      Line: 1555
Local variables:  
 [START_VAR]passed_logger (<class 'logging.Logger'>) = <Logger prototip (DEBUG)>[END_VAR], 
[START_VAR]check_attributes (<class 'bool'>) = True[END_VAR], 
[START_VAR]attr_sets (<class 'list'>) [__len__(): 3] = ['size', 'math', 'hist'][END_VAR], 
[START_VAR]added_attribute_names (<class 'list'>) [__len__(): 0] = [][END_VAR], 
[START_VAR]logging_string (<class 'str'>) [__len__(): 13] = ' @log_stack \n'[END_VAR], 
[START_VAR]all_info_dicts (<class 'list'>) [__len__(): 0] = [][END_VAR], 
[START_VAR]stack (<class 'list'>) [__len__(): 10] = [FrameInfo(frame=<frame at 0x57b7c4f5c600, file '/home/matevz/Desktop/Diplomska/Framework/Work/python_logger/log_helper.py', line 1556, code log_stack>, filename='/home/matevz/Desktop/Diplomska/Framework/Work/python_logger/log_helper.py', lineno=1550, function='log_stack', code_context=['    stack = inspect.stack()\n'], index=0), FrameInfo(frame=<frame at 0x57b7c4f48c10, file '/home/matevz/Desktop/Diplomska/Framework/Work/y_pyscripts/v_test_script.py', line 380, code try_patchification>, filename='/home/matevz/Desktop/Diplomska/Framework/Work/y_pyscripts/v_test_script.py', lineno=380, function='try_patchification', code_context=['        py_log_always_on.log_stack(MY_LOGGER, attr_sets=["size", "math", "hist"])\n'], index=0), FrameInfo(frame=<frame at 0x7d5daeba2420, file '/home/matevz/Desktop/Diplomska/Framework/Work/y_pyscripts/v_test_script.py', line 384, code <module>>, filename='/home/matevz/Desktop/Diplomska/Framework/Work/y_pyscripts/v_test_script.py', lineno=384, function='<module>', code_context=['try_patchification()\n'], index=0), FrameInfo(frame=<frame at 0x7d5daec86200, file '<frozen importlib._bootstrap>', line 228, code _call_with_frames_removed>, filename='<frozen importlib._bootstrap>', lineno=228, function='_call_with_frames_removed', code_context=None, index=None), FrameInfo(frame=<frame at 0x7d5daec5cc80, file '<frozen importlib._bootstrap_external>', line 850, code exec_module>, filename='<frozen importlib._bootstrap_external>', lineno=850, function='exec_module', code_context=None, index=None), FrameInfo(frame=<frame at 0x7d5daed31be0, file '<frozen importlib._bootstrap>', line 680, code _load_unlocked>, filename='<frozen importlib._bootstrap>', lineno=680, function='_load_unlocked', code_context=None, index=None), FrameInfo(frame=<frame at 0x57b7be4ed4a0, file '<frozen importlib._bootstrap>', line 986, code _find_and_load_unlocked>, filename='<frozen importlib._bootstrap>', lineno=986, function='_find_and_load_unlocked', code_context=None, index=None), FrameInfo(frame=<frame at 0x7d5daebe7d60, file '<frozen importlib._bootstrap>', line 1007, code _find_and_load>, filename='<frozen importlib._bootstrap>', lineno=1007, function='_find_and_load', code_context=None, index=None), FrameInfo(frame=<frame at 0x57b7be512730, file '/home/matevz/miniforge3/envs/ipad/lib/python3.9/runpy.py', line 111, code _get_module_details>, filename='/home/matevz/miniforge3/envs/ipad/lib/python3.9/runpy.py', lineno=111, function='_get_module_details', code_context=['            __import__(pkg_name)\n'], index=0), FrameInfo(frame=<frame at 0x57b7be54d830, file '/home/matevz/miniforge3/envs/ipad/lib/python3.9/runpy.py', line 188, code _run_module_as_main>, filename='/home/matevz/miniforge3/envs/ipad/lib/python3.9/runpy.py', lineno=188, function='_run_module_as_main', code_context=['            mod_name, mod_spec, code = _get_module_details(mod_name, _Error)\n'], index=0)][END_VAR], 
[START_VAR]ix (<class 'int'>) = 0[END_VAR], 
[START_VAR]frame_info_class (<class 'inspect.FrameInfo'>) [__len__(): 6] = FrameInfo(frame=<frame at 0x57b7c4f5c600, file '/home/matevz/Desktop/Diplomska/Framework/Work/python_logger/log_helper.py', line 1556, code log_stack>, filename='/home/matevz/Desktop/Diplomska/Framework/Work/python_logger/log_helper.py', lineno=1550, function='log_stack', code_context=['    stack = inspect.stack()\n'], index=0)[END_VAR], 
[START_VAR]frame (<class 'frame'>) = <frame at 0x57b7c4f5c600, file '/home/matevz/Desktop/Diplomska/Framework/Work/python_logger/log_helper.py', line 1556, code log_stack>[END_VAR]




---------------
Frame 1
Filename: v_test_script.py
                    Function try_patchification 
                      Line: 380
Local variables:  
 [START_VAR]img (<class 'torch.Tensor'>) [shape: torch.Size([1, 5, 512, 1024])] [size(): torch.Size([1, 5, 512, 1024])] [dtype: torch.float32] [__len__(): 1] [mean(): 0.24178941547870636] [std(): 0.26403823494911194] [min(): 0.0] [max(): 0.9960784316062927] [sum(): 633836.4375] 
 Num of unique vals: 241. Min: 0.0 count: (911170), Max: 0.9960784316062927 count: (1). Hist (includes min and max vals):
 (percentage, count : range)
50.28%, 1318090.0 : 0.0-0.09960784018039703
3.33%, 87303.0 : 0.09960784018039703-0.19921568036079407
5.41%, 141854.0 : 0.19921568036079407-0.2988235354423523
7.13%, 186912.0 : 0.2988235354423523-0.39843136072158813
9.96%, 261172.0 : 0.39843136072158813-0.49803924560546875
9.87%, 258668.0 : 0.49803924560546875-0.5976470708847046
8.85%, 232003.0 : 0.5976470708847046-0.6972548961639404
5.08%, 133136.0 : 0.6972548961639404-0.7968627214431763
0.07%, 1777.0 : 0.7968627214431763-0.8964706063270569
0.02%, 525.0 : 0.8964706063270569-0.9960784316062927
= tensor([[[[0.0235, 0.0235, 0.0235,  ..., 0.0235, 0.0235, 0.0235],
          [0.0235, 0.0235, 0.0235,  ..., 0.0235, 0.0235, 0.0235],
          [0.0235, 0.0235, 0.0235,  ..., 0.0235, 0.0235, 0.0235],
          ...,
          [0.0235, 0.0235, 0.0235,  ..., 0.4784, 0.4824, 0.4902],
          [0.0235, 0.0235, 0.0235,  ..., 0.4706, 0.4784, 0.4745],
          [0.0235, 0.0235, 0.0235,  ..., 0.4745, 0.4745, 0.4863]],

         [[0.0235, 0.0235, 0.0235,  ..., 0.0235, 0.0235, 0.0235],
          [0.0235, 0.0235, 0.0235,  ..., 0.0235, 0.0235, 0.0235],
          [0.0235, 0.0235, 0.0235,  ..., 0.0235, 0.0235, 0.0235],
          ...,
          [0.0235, 0.0235, 0.0235,  ..., 0.4039, 0.4078, 0.4196],
          [0.0235, 0.0235, 0.0235,  ..., 0.4000, 0.4039, 0.4039],
          [0.0235, 0.0235, 0.0235,  ..., 0.4118, 0.4000, 0.4118]],

         [[0.0235, 0.0235, 0.0235,  ..., 0.0235, 0.0235, 0.0235],
          [0.0235, 0.0235, 0.0235,  ..., 0.0235, 0.0235, 0.0235],
          [0.0235, 0.0235, 0.0235,  ..., 0.0235, 0.0235, 0.0235],
          ...,
          [0.0235, 0.0235, 0.0235,  ..., 0.2588, 0.2667, 0.2784],
          [0.0235, 0.0235, 0.0235,  ..., 0.2627, 0.2667, 0.2745],
          [0.0235, 0.0235, 0.0235,  ..., 0.2588, 0.2627, 0.2824]],

         [[0.0000, 0.0000, 0.0000,  ..., 0.0000, 0.0000, 0.0000],
          [0.0000, 0.0000, 0.0000,  ..., 0.0000, 0.0000, 0.0000],
          [0.0000, 0.0000, 0.0000,  ..., 0.0000, 0.0000, 0.0000],
          ...,
          [0.0000, 0.0000, 0.0000,  ..., 0.0000, 0.0000, 0.0000],
          [0.0000, 0.0000, 0.0000,  ..., 0.0000, 0.0000, 0.0000],
          [0.0000, 0.0000, 0.0000,  ..., 0.0000, 0.0000, 0.0000]],

         [[0.0000, 0.0000, 0.0000,  ..., 0.0000, 0.0000, 0.0000],
          [0.0000, 0.0000, 0.0000,  ..., 0.0000, 0.0000, 0.0000],
          [0.0000, 0.0000, 0.0000,  ..., 0.0000, 0.0000, 0.0000],
          ...,
          [0.0000, 0.0000, 0.0000,  ..., 0.0000, 0.0000, 0.0000],
          [0.0000, 0.0000, 0.0000,  ..., 0.0000, 0.0000, 0.0000],
          [0.0000, 0.0000, 0.0000,  ..., 0.0000, 0.0000, 0.0000]]]])[END_VAR], 
[START_VAR]patch_shape (<class 'tuple'>) [__len__(): 2] = (90, 110)[END_VAR], 
[START_VAR]stride (<class 'tuple'>) [__len__(): 2] = (45, 55)[END_VAR], 
[START_VAR]e (<class 'TypeError'>) = TypeError('cannot unpack non-iterable NoneType object')[END_VAR]




---------------
Frame 2
Filename: v_test_script.py
                    Function <module> 
                      Line: 384
Local variables:  
 [START_VAR]__name__ (<class 'str'>) [__len__(): 25] = 'y_pyscripts.v_test_script'[END_VAR], 
[START_VAR]__doc__ (<class 'NoneType'>) = None[END_VAR], 
[START_VAR]__package__ (<class 'str'>) [__len__(): 11] = 'y_pyscripts'[END_VAR], 
[START_VAR]__loader__ (<class '_frozen_importlib_external.SourceFileLoader'>) = <_frozen_importlib_external.SourceFileLoader object at 0x7d5daeb97e80>[END_VAR], 
[START_VAR]__spec__ (<class '_frozen_importlib.ModuleSpec'>) = ModuleSpec(name='y_pyscripts.v_test_script', loader=<_frozen_importlib_external.SourceFileLoader object at 0x7d5daeb97e80>, origin='/home/matevz/Desktop/Diplomska/Framework/Work/y_pyscripts/v_test_script.py')[END_VAR], 
[START_VAR]__file__ (<class 'str'>) [__len__(): 74] = '/home/matevz/Desktop/Diplomska/Framework/Work/y_pyscripts/v_test_script.py'[END_VAR], 
[START_VAR]__cached__ (<class 'str'>) [__len__(): 98] = '/home/matevz/Desktop/Diplomska/Framework/Work/y_pyscripts/__pycache__/v_test_script.cpython-39.pyc'[END_VAR], 
[START_VAR]__builtins__ (<class 'dict'>) [__len__(): 154] = {'__name__': 'builtins', '__doc__': "Built-in functions, exceptions, and other objects.\n\nNoteworthy: None is the `nil' object; Ellipsis represents `...' in slices.", '__package__': '', '__loader__': <class '_frozen_importlib.BuiltinImporter'>, '__spec__': ModuleSpec(name='builtins', loader=<class '_frozen_importlib.BuiltinImporter'>, origin='built-in'), '__build_class__': <built-in function __build_class__>, '__import__': <built-in function __import__>, 'abs': <built-in function abs>, 'all': <built-in function all>, 'any': <built-in function any>, 'ascii': <built-in function ascii>, 'bin': <built-in function bin>, 'breakpoint': <built-in function breakpoint>, 'callable': <built-in function callable>, 'chr': <built-in function chr>, 'compile': <built-in function compile>, 'delattr': <built-in function delattr>, 'dir': <built-in function dir>, 'divmod': <built-in function divmod>, 'eval': <built-in function eval>, 'exec': <built-in function exec>, 'format': <built-in function format>, 'getattr': <built-in function getattr>, 'globals': <built-in function globals>, 'hasattr': <built-in function hasattr>, 'hash': <built-in function hash>, 'hex': <built-in function hex>, 'id': <built-in function id>, 'input': <built-in function input>, 'isinstance': <built-in function isinstance>, 'issubclass': <built-in function issubclass>, 'iter': <built-in function iter>, 'len': <built-in function len>, 'locals': <built-in function locals>, 'max': <built-in function max>, 'min': <built-in function min>, 'next': <built-in function next>, 'oct': <built-in function oct>, 'ord': <built-in function ord>, 'pow': <built-in function pow>, 'print': <built-in function print>, 'repr': <built-in function repr>, 'round': <built-in function round>, 'setattr': <built-in function setattr>, 'sorted': <built-in function sorted>, 'sum': <built-in function sum>, 'vars': <built-in function vars>, 'None': None, 'Ellipsis': Ellipsis, 'NotImplemented': NotImplemented, 'False': False, 'True': True, 'bool': <class 'bool'>, 'memoryview': <class 'memoryview'>, 'bytearray': <class 'bytearray'>, 'bytes': <class 'bytes'>, 'classmethod': <class 'classmethod'>, 'complex': <class 'complex'>, 'dict': <class 'dict'>, 'enumerate': <class 'enumerate'>, 'filter': <class 'filter'>, 'float': <class 'float'>, 'frozenset': <class 'frozenset'>, 'property': <class 'property'>, 'int': <class 'int'>, 'list': <class 'list'>, 'map': <class 'map'>, 'object': <class 'object'>, 'range': <class 'range'>, 'reversed': <class 'reversed'>, 'set': <class 'set'>, 'slice': <class 'slice'>, 'staticmethod': <class 'staticmethod'>, 'str': <class 'str'>, 'super': <class 'super'>, 'tuple': <class 'tuple'>, 'type': <class 'type'>, 'zip': <class 'zip'>, '__debug__': True, 'BaseException': <class 'BaseException'>, 'Exception': <class 'Exception'>, 'TypeError': <class 'TypeError'>, 'StopAsyncIteration': <class 'StopAsyncIteration'>, 'StopIteration': <class 'StopIteration'>, 'GeneratorExit': <class 'GeneratorExit'>, 'SystemExit': <class 'SystemExit'>, 'KeyboardInterrupt': <class 'KeyboardInterrupt'>, 'ImportError': <class 'ImportError'>, 'ModuleNotFoundError': <class 'ModuleNotFoundError'>, 'OSError': <class 'OSError'>, 'EnvironmentError': <class 'OSError'>, 'IOError': <class 'OSError'>, 'EOFError': <class 'EOFError'>, 'RuntimeError': <class 'RuntimeError'>, 'RecursionError': <class 'RecursionError'>, 'NotImplementedError': <class 'NotImplementedError'>, 'NameError': <class 'NameError'>, 'UnboundLocalError': <class 'UnboundLocalError'>, 'AttributeError': <class 'AttributeError'>, 'SyntaxError': <class 'SyntaxError'>, 'IndentationError': <class 'IndentationError'>, 'TabError': <class 'TabError'>, 'LookupError': <class 'LookupError'>, 'IndexError': <class 'IndexError'>, 'KeyError': <class 'KeyError'>, 'ValueError': <class 'ValueError'>, 'UnicodeError': <class 'UnicodeError'>, 'UnicodeEncodeError': <class 'UnicodeEncodeError'>, 'UnicodeDecodeError': <class 'UnicodeDecodeError'>, 'UnicodeTranslateError': <class 'UnicodeTranslateError'>, 'AssertionError': <class 'AssertionError'>, 'ArithmeticError': <class 'ArithmeticError'>, 'FloatingPointError': <class 'FloatingPointError'>, 'OverflowError': <class 'OverflowError'>, 'ZeroDivisionError': <class 'ZeroDivisionError'>, 'SystemError': <class 'SystemError'>, 'ReferenceError': <class 'ReferenceError'>, 'MemoryError': <class 'MemoryError'>, 'BufferError': <class 'BufferError'>, 'Warning': <class 'Warning'>, 'UserWarning': <class 'UserWarning'>, 'DeprecationWarning': <class 'DeprecationWarning'>, 'PendingDeprecationWarning': <class 'PendingDeprecationWarning'>, 'SyntaxWarning': <class 'SyntaxWarning'>, 'RuntimeWarning': <class 'RuntimeWarning'>, 'FutureWarning': <class 'FutureWarning'>, 'ImportWarning': <class 'ImportWarning'>, 'UnicodeWarning': <class 'UnicodeWarning'>, 'BytesWarning': <class 'BytesWarning'>, 'ResourceWarning': <class 'ResourceWarning'>, 'ConnectionError': <class 'ConnectionError'>, 'BlockingIOError': <class 'BlockingIOError'>, 'BrokenPipeError': <class 'BrokenPipeError'>, 'ChildProcessError': <class 'ChildProcessError'>, 'ConnectionAbortedError': <class 'ConnectionAbortedError'>, 'ConnectionRefusedError': <class 'ConnectionRefusedError'>, 'ConnectionResetError': <class 'ConnectionResetError'>, 'FileExistsError': <class 'FileExistsError'>, 'FileNotFoundError': <class 'FileNotFoundError'>, 'IsADirectoryError': <class 'IsADirectoryError'>, 'NotADirectoryError': <class 'NotADirectoryError'>, 'InterruptedError': <class 'InterruptedError'>, 'PermissionError': <class 'PermissionError'>, 'ProcessLookupError': <class 'ProcessLookupError'>, 'TimeoutError': <class 'TimeoutError'>, 'open': <built-in function open>, 'quit': Use quit() or Ctrl-D (i.e. EOF) to exit, 'exit': Use exit() or Ctrl-D (i.e. EOF) to exit, 'copyright': Copyright (c) 2001-2023 Python Software Foundation.
All Rights Reserved.

Copyright (c) 2000 BeOpen.com.
All Rights Reserved.

Copyright (c) 1995-2001 Corporation for National Research Initiatives.
All Rights Reserved.

Copyright (c) 1991-1995 Stichting Mathematisch Centrum, Amsterdam.
All Rights Reserved., 'credits':     Thanks to CWI, CNRI, BeOpen.com, Zope Corporation and a cast of thousands
    for supporting Python development.  See www.python.org for more information., 'license': Type license() to see the full license text, 'help': Type help() for interactive help, or help(object) for help about object., '__pybind11_internals_v4_gcc_libstdcpp_cxxabi1011__': <capsule object NULL at 0x7d5daad60960>, '__pybind11_internals_v4_gcc_libstdcpp_cxxabi1014__': <capsule object NULL at 0x7d5cc5460060>}[END_VAR], 
[START_VAR]os (<class 'module'>) = <module 'os' from '/home/matevz/miniforge3/envs/ipad/lib/python3.9/os.py'>[END_VAR], 
[START_VAR]logging (<class 'module'>) = <module 'logging' from '/home/matevz/miniforge3/envs/ipad/lib/python3.9/logging/__init__.py'>[END_VAR], 
[START_VAR]py_log (<class 'module'>) = <module 'python_logger.log_helper' from '/home/matevz/Desktop/Diplomska/Framework/Work/python_logger/log_helper.py'>[END_VAR], 
[START_VAR]py_log_always_on (<class 'module'>) = <module 'python_logger.log_helper' from '/home/matevz/Desktop/Diplomska/Framework/Work/python_logger/log_helper.py'>[END_VAR], 
[START_VAR]MY_LOGGER (<class 'logging.Logger'>) = <Logger prototip (DEBUG)>[END_VAR], 
[START_VAR]python_logger_path (<class 'str'>) [__len__(): 71] = '/home/matevz/Desktop/Diplomska/Framework/Work/y_pyscripts/python_logger'[END_VAR], 
[START_VAR]handlers (<class 'python_logger.log_helper.FileAndStreamHandlers'>) = <python_logger.log_helper.FileAndStreamHandlers object at 0x7d5daeb41100>[END_VAR], 
[START_VAR]IrisDataset (<class 'type'>) (logger error in trying to get __len__. Error: __len__() missing 1 required positional argument: 'self') = <class 'dataset.IrisDataset'>[END_VAR], 
[START_VAR]INPUT_DIMS (<class 'dict'>) [__len__(): 3] = {'width': 1024, 'height': 512, 'channels': 5}[END_VAR], 
[START_VAR]OUTPUT_DIMS (<class 'dict'>) [__len__(): 3] = {'width': 1024, 'height': 512, 'channels': 2}[END_VAR], 
[START_VAR]model_parameters (<class 'dict'>) [__len__(): 7] = {'output_y': 512, 'output_x': 1024, 'n_channels': 5, 'n_classes': 2, 'starting_kernels': 64, 'expansion': 2, 'depth': 6}[END_VAR], 
[START_VAR]dataset_args (<class 'dict'>) [__len__(): 12] = {'testrun': True, 'testrun_size': 2, 'input_width': 1024, 'input_height': 512, 'output_width': 1024, 'output_height': 512, 'path_to_sclera_data': 'Data/vein_and_sclera_data', 'n_classes': 2, 'zero_out_non_sclera': False, 'add_sclera_to_img': False, 'add_bcosfire_to_img': True, 'add_coye_to_img': True}[END_VAR], 
[START_VAR]data_path (<class 'str'>) [__len__(): 25] = 'Data/vein_and_sclera_data'[END_VAR], 
[START_VAR]train_dataset (<class 'dataset.IrisDataset'>) [__len__(): 2] = <dataset.IrisDataset object at 0x7d5daeb51130>[END_VAR], 
[START_VAR]real_imgs (<class 'dict'>) [__len__(): 4] = {'images': tensor([[[[0., 0., 0.,  ..., 0., 0., 0.],
          [0., 0., 0.,  ..., 0., 0., 0.],
          [0., 0., 0.,  ..., 0., 0., 0.],
          ...,
          [0., 0., 0.,  ..., 0., 0., 0.],
          [0., 0., 0.,  ..., 0., 0., 0.],
          [0., 0., 0.,  ..., 0., 0., 0.]],

         [[0., 0., 0.,  ..., 0., 0., 0.],
          [0., 0., 0.,  ..., 0., 0., 0.],
          [0., 0., 0.,  ..., 0., 0., 0.],
          ...,
          [0., 0., 0.,  ..., 0., 0., 0.],
          [0., 0., 0.,  ..., 0., 0., 0.],
          [0., 0., 0.,  ..., 0., 0., 0.]],

         [[0., 0., 0.,  ..., 0., 0., 0.],
          [0., 0., 0.,  ..., 0., 0., 0.],
          [0., 0., 0.,  ..., 0., 0., 0.],
          ...,
          [0., 0., 0.,  ..., 0., 0., 0.],
          [0., 0., 0.,  ..., 0., 0., 0.],
          [0., 0., 0.,  ..., 0., 0., 0.]],

         [[0., 0., 0.,  ..., 0., 0., 0.],
          [0., 0., 0.,  ..., 0., 0., 0.],
          [0., 0., 0.,  ..., 0., 0., 0.],
          ...,
          [0., 0., 0.,  ..., 0., 0., 0.],
          [0., 0., 0.,  ..., 0., 0., 0.],
          [0., 0., 0.,  ..., 0., 0., 0.]],

         [[0., 0., 0.,  ..., 0., 0., 0.],
          [0., 0., 0.,  ..., 0., 0., 0.],
          [0., 0., 0.,  ..., 0., 0., 0.],
          ...,
          [0., 0., 0.,  ..., 0., 0., 0.],
          [0., 0., 0.,  ..., 0., 0., 0.],
          [0., 0., 0.,  ..., 0., 0., 0.]]]]), 'veins': tensor([[[0, 0, 0,  ..., 0, 0, 0],
         [0, 0, 0,  ..., 0, 0, 0],
         [0, 0, 0,  ..., 0, 0, 0],
         ...,
         [0, 0, 0,  ..., 0, 0, 0],
         [0, 0, 0,  ..., 0, 0, 0],
         [0, 0, 0,  ..., 0, 0, 0]]]), 'scleras': tensor([[[[0., 0., 0.,  ..., 0., 0., 0.],
          [0., 0., 0.,  ..., 0., 0., 0.],
          [0., 0., 0.,  ..., 0., 0., 0.],
          ...,
          [0., 0., 0.,  ..., 0., 0., 0.],
          [0., 0., 0.,  ..., 0., 0., 0.],
          [0., 0., 0.,  ..., 0., 0., 0.]]]]), 'img_names': ['10L_l_1']}[END_VAR], 
[START_VAR]smart_conversion (<class 'function'>) = <function smart_conversion at 0x7d5cba517f70>[END_VAR], 
[START_VAR]show_image (<class 'function'>) = <function show_image at 0x7d5cba517ca0>[END_VAR], 
[START_VAR]save_img_quick_figs (<class 'function'>) = <function save_img_quick_figs at 0x7d5cba517b80>[END_VAR], 
[START_VAR]save_imgs_quick_figs (<class 'function'>) = <function save_imgs_quick_figs at 0x7d5cba517c10>[END_VAR], 
[START_VAR]np (<class 'module'>) (logger error in trying to get shape. Error: shape() missing 1 required positional argument: 'a') (logger error in trying to get size. Error: size() missing 1 required positional argument: 'a') (logger error in trying to get dtype. Error: dtype() missing required argument 'dtype' (pos 1)) (logger error in trying to get mean. Error: mean() missing 1 required positional argument: 'a') (logger error in trying to get std. Error: std() missing 1 required positional argument: 'a') (logger error in trying to get min. Error: min() missing 1 required positional argument: 'a') (logger error in trying to get max. Error: max() missing 1 required positional argument: 'a') (logger error in trying to get sum. Error: sum() missing 1 required positional argument: 'a') = <module 'numpy' from '/home/matevz/miniforge3/envs/ipad/lib/python3.9/site-packages/numpy/__init__.py'>[END_VAR], 
[START_VAR]torch (<class 'module'>) (logger error in trying to get dtype. Error: cannot create 'torch.dtype' instances) (logger error in trying to get mean. Error: mean() received an invalid combination of arguments - got (), but expected one of:
 * (Tensor input, *, torch.dtype dtype = None, Tensor out = None)
 * (Tensor input, tuple of ints dim, bool keepdim = False, *, torch.dtype dtype = None, Tensor out = None)
 * (Tensor input, tuple of names dim, bool keepdim = False, *, torch.dtype dtype = None, Tensor out = None)
) (logger error in trying to get std. Error: std() received an invalid combination of arguments - got (), but expected one of:
 * (Tensor input, tuple of ints dim, bool unbiased = True, bool keepdim = False, *, Tensor out = None)
 * (Tensor input, tuple of ints dim = None, *, Number correction = None, bool keepdim = False, Tensor out = None)
 * (Tensor input, bool unbiased = True)
 * (Tensor input, tuple of names dim, bool unbiased = True, bool keepdim = False, *, Tensor out = None)
 * (Tensor input, tuple of names dim, *, Number correction = None, bool keepdim = False, Tensor out = None)
) (logger error in trying to get min. Error: min() received an invalid combination of arguments - got (), but expected one of:
 * (Tensor input, *, Tensor out = None)
 * (Tensor input, Tensor other, *, Tensor out = None)
 * (Tensor input, int dim, bool keepdim = False, *, tuple of Tensors out = None)
 * (Tensor input, name dim, bool keepdim = False, *, tuple of Tensors out = None)
) (logger error in trying to get max. Error: max() received an invalid combination of arguments - got (), but expected one of:
 * (Tensor input, *, Tensor out = None)
 * (Tensor input, Tensor other, *, Tensor out = None)
 * (Tensor input, int dim, bool keepdim = False, *, tuple of Tensors out = None)
 * (Tensor input, name dim, bool keepdim = False, *, tuple of Tensors out = None)
) (logger error in trying to get sum. Error: sum() received an invalid combination of arguments - got (), but expected one of:
 * (Tensor input, *, torch.dtype dtype = None)
 * (Tensor input, tuple of ints dim, bool keepdim = False, *, torch.dtype dtype = None, Tensor out = None)
 * (Tensor input, tuple of names dim, bool keepdim = False, *, torch.dtype dtype = None, Tensor out = None)
) = <module 'torch' from '/home/matevz/miniforge3/envs/ipad/lib/python3.9/site-packages/torch/__init__.py'>[END_VAR], 
[START_VAR]plt (<class 'module'>) = <module 'matplotlib.pyplot' from '/home/matevz/miniforge3/envs/ipad/lib/python3.9/site-packages/matplotlib/pyplot.py'>[END_VAR], 
[START_VAR]osp (<class 'module'>) = <module 'posixpath' from '/home/matevz/miniforge3/envs/ipad/lib/python3.9/posixpath.py'>[END_VAR], 
[START_VAR]unfold_3chan (<class 'function'>) = <function unfold_3chan at 0x7d5daeb95940>[END_VAR], 
[START_VAR]patchify (<class 'function'>) = <function patchify at 0x7d5cba521c10>[END_VAR], 
[START_VAR]accumulate_patches (<class 'function'>) = <function accumulate_patches at 0x7d5cba521ee0>[END_VAR], 
[START_VAR]try_patchification (<class 'function'>) = <function try_patchification at 0x7d5cba521f70>[END_VAR]




---------------
Frame 3
Filename: <frozen importlib._bootstrap>
                    Function _call_with_frames_removed 
                      Line: 228
Local variables:  
 [START_VAR]f (<class 'builtin_function_or_method'>) = <built-in function exec>[END_VAR], 
[START_VAR]args (<class 'tuple'>) [__len__(): 2] = (<code object <module> at 0x7d5daeb56c90, file "/home/matevz/Desktop/Diplomska/Framework/Work/y_pyscripts/v_test_script.py", line 5>, {'__name__': 'y_pyscripts.v_test_script', '__doc__': None, '__package__': 'y_pyscripts', '__loader__': <_frozen_importlib_external.SourceFileLoader object at 0x7d5daeb97e80>, '__spec__': ModuleSpec(name='y_pyscripts.v_test_script', loader=<_frozen_importlib_external.SourceFileLoader object at 0x7d5daeb97e80>, origin='/home/matevz/Desktop/Diplomska/Framework/Work/y_pyscripts/v_test_script.py'), '__file__': '/home/matevz/Desktop/Diplomska/Framework/Work/y_pyscripts/v_test_script.py', '__cached__': '/home/matevz/Desktop/Diplomska/Framework/Work/y_pyscripts/__pycache__/v_test_script.cpython-39.pyc', '__builtins__': {'__name__': 'builtins', '__doc__': "Built-in functions, exceptions, and other objects.\n\nNoteworthy: None is the `nil' object; Ellipsis represents `...' in slices.", '__package__': '', '__loader__': <class '_frozen_importlib.BuiltinImporter'>, '__spec__': ModuleSpec(name='builtins', loader=<class '_frozen_importlib.BuiltinImporter'>, origin='built-in'), '__build_class__': <built-in function __build_class__>, '__import__': <built-in function __import__>, 'abs': <built-in function abs>, 'all': <built-in function all>, 'any': <built-in function any>, 'ascii': <built-in function ascii>, 'bin': <built-in function bin>, 'breakpoint': <built-in function breakpoint>, 'callable': <built-in function callable>, 'chr': <built-in function chr>, 'compile': <built-in function compile>, 'delattr': <built-in function delattr>, 'dir': <built-in function dir>, 'divmod': <built-in function divmod>, 'eval': <built-in function eval>, 'exec': <built-in function exec>, 'format': <built-in function format>, 'getattr': <built-in function getattr>, 'globals': <built-in function globals>, 'hasattr': <built-in function hasattr>, 'hash': <built-in function hash>, 'hex': <built-in function hex>, 'id': <built-in function id>, 'input': <built-in function input>, 'isinstance': <built-in function isinstance>, 'issubclass': <built-in function issubclass>, 'iter': <built-in function iter>, 'len': <built-in function len>, 'locals': <built-in function locals>, 'max': <built-in function max>, 'min': <built-in function min>, 'next': <built-in function next>, 'oct': <built-in function oct>, 'ord': <built-in function ord>, 'pow': <built-in function pow>, 'print': <built-in function print>, 'repr': <built-in function repr>, 'round': <built-in function round>, 'setattr': <built-in function setattr>, 'sorted': <built-in function sorted>, 'sum': <built-in function sum>, 'vars': <built-in function vars>, 'None': None, 'Ellipsis': Ellipsis, 'NotImplemented': NotImplemented, 'False': False, 'True': True, 'bool': <class 'bool'>, 'memoryview': <class 'memoryview'>, 'bytearray': <class 'bytearray'>, 'bytes': <class 'bytes'>, 'classmethod': <class 'classmethod'>, 'complex': <class 'complex'>, 'dict': <class 'dict'>, 'enumerate': <class 'enumerate'>, 'filter': <class 'filter'>, 'float': <class 'float'>, 'frozenset': <class 'frozenset'>, 'property': <class 'property'>, 'int': <class 'int'>, 'list': <class 'list'>, 'map': <class 'map'>, 'object': <class 'object'>, 'range': <class 'range'>, 'reversed': <class 'reversed'>, 'set': <class 'set'>, 'slice': <class 'slice'>, 'staticmethod': <class 'staticmethod'>, 'str': <class 'str'>, 'super': <class 'super'>, 'tuple': <class 'tuple'>, 'type': <class 'type'>, 'zip': <class 'zip'>, '__debug__': True, 'BaseException': <class 'BaseException'>, 'Exception': <class 'Exception'>, 'TypeError': <class 'TypeError'>, 'StopAsyncIteration': <class 'StopAsyncIteration'>, 'StopIteration': <class 'StopIteration'>, 'GeneratorExit': <class 'GeneratorExit'>, 'SystemExit': <class 'SystemExit'>, 'KeyboardInterrupt': <class 'KeyboardInterrupt'>, 'ImportError': <class 'ImportError'>, 'ModuleNotFoundError': <class 'ModuleNotFoundError'>, 'OSError': <class 'OSError'>, 'EnvironmentError': <class 'OSError'>, 'IOError': <class 'OSError'>, 'EOFError': <class 'EOFError'>, 'RuntimeError': <class 'RuntimeError'>, 'RecursionError': <class 'RecursionError'>, 'NotImplementedError': <class 'NotImplementedError'>, 'NameError': <class 'NameError'>, 'UnboundLocalError': <class 'UnboundLocalError'>, 'AttributeError': <class 'AttributeError'>, 'SyntaxError': <class 'SyntaxError'>, 'IndentationError': <class 'IndentationError'>, 'TabError': <class 'TabError'>, 'LookupError': <class 'LookupError'>, 'IndexError': <class 'IndexError'>, 'KeyError': <class 'KeyError'>, 'ValueError': <class 'ValueError'>, 'UnicodeError': <class 'UnicodeError'>, 'UnicodeEncodeError': <class 'UnicodeEncodeError'>, 'UnicodeDecodeError': <class 'UnicodeDecodeError'>, 'UnicodeTranslateError': <class 'UnicodeTranslateError'>, 'AssertionError': <class 'AssertionError'>, 'ArithmeticError': <class 'ArithmeticError'>, 'FloatingPointError': <class 'FloatingPointError'>, 'OverflowError': <class 'OverflowError'>, 'ZeroDivisionError': <class 'ZeroDivisionError'>, 'SystemError': <class 'SystemError'>, 'ReferenceError': <class 'ReferenceError'>, 'MemoryError': <class 'MemoryError'>, 'BufferError': <class 'BufferError'>, 'Warning': <class 'Warning'>, 'UserWarning': <class 'UserWarning'>, 'DeprecationWarning': <class 'DeprecationWarning'>, 'PendingDeprecationWarning': <class 'PendingDeprecationWarning'>, 'SyntaxWarning': <class 'SyntaxWarning'>, 'RuntimeWarning': <class 'RuntimeWarning'>, 'FutureWarning': <class 'FutureWarning'>, 'ImportWarning': <class 'ImportWarning'>, 'UnicodeWarning': <class 'UnicodeWarning'>, 'BytesWarning': <class 'BytesWarning'>, 'ResourceWarning': <class 'ResourceWarning'>, 'ConnectionError': <class 'ConnectionError'>, 'BlockingIOError': <class 'BlockingIOError'>, 'BrokenPipeError': <class 'BrokenPipeError'>, 'ChildProcessError': <class 'ChildProcessError'>, 'ConnectionAbortedError': <class 'ConnectionAbortedError'>, 'ConnectionRefusedError': <class 'ConnectionRefusedError'>, 'ConnectionResetError': <class 'ConnectionResetError'>, 'FileExistsError': <class 'FileExistsError'>, 'FileNotFoundError': <class 'FileNotFoundError'>, 'IsADirectoryError': <class 'IsADirectoryError'>, 'NotADirectoryError': <class 'NotADirectoryError'>, 'InterruptedError': <class 'InterruptedError'>, 'PermissionError': <class 'PermissionError'>, 'ProcessLookupError': <class 'ProcessLookupError'>, 'TimeoutError': <class 'TimeoutError'>, 'open': <built-in function open>, 'quit': Use quit() or Ctrl-D (i.e. EOF) to exit, 'exit': Use exit() or Ctrl-D (i.e. EOF) to exit, 'copyright': Copyright (c) 2001-2023 Python Software Foundation.
All Rights Reserved.

Copyright (c) 2000 BeOpen.com.
All Rights Reserved.

Copyright (c) 1995-2001 Corporation for National Research Initiatives.
All Rights Reserved.

Copyright (c) 1991-1995 Stichting Mathematisch Centrum, Amsterdam.
All Rights Reserved., 'credits':     Thanks to CWI, CNRI, BeOpen.com, Zope Corporation and a cast of thousands
    for supporting Python development.  See www.python.org for more information., 'license': Type license() to see the full license text, 'help': Type help() for interactive help, or help(object) for help about object., '__pybind11_internals_v4_gcc_libstdcpp_cxxabi1011__': <capsule object NULL at 0x7d5daad60960>, '__pybind11_internals_v4_gcc_libstdcpp_cxxabi1014__': <capsule object NULL at 0x7d5cc5460060>}, 'os': <module 'os' from '/home/matevz/miniforge3/envs/ipad/lib/python3.9/os.py'>, 'logging': <module 'logging' from '/home/matevz/miniforge3/envs/ipad/lib/python3.9/logging/__init__.py'>, 'py_log': <module 'python_logger.log_helper' from '/home/matevz/Desktop/Diplomska/Framework/Work/python_logger/log_helper.py'>, 'py_log_always_on': <module 'python_logger.log_helper' from '/home/matevz/Desktop/Diplomska/Framework/Work/python_logger/log_helper.py'>, 'MY_LOGGER': <Logger prototip (DEBUG)>, 'python_logger_path': '/home/matevz/Desktop/Diplomska/Framework/Work/y_pyscripts/python_logger', 'handlers': <python_logger.log_helper.FileAndStreamHandlers object at 0x7d5daeb41100>, 'IrisDataset': <class 'dataset.IrisDataset'>, 'INPUT_DIMS': {'width': 1024, 'height': 512, 'channels': 5}, 'OUTPUT_DIMS': {'width': 1024, 'height': 512, 'channels': 2}, 'model_parameters': {'output_y': 512, 'output_x': 1024, 'n_channels': 5, 'n_classes': 2, 'starting_kernels': 64, 'expansion': 2, 'depth': 6}, 'dataset_args': {'testrun': True, 'testrun_size': 2, 'input_width': 1024, 'input_height': 512, 'output_width': 1024, 'output_height': 512, 'path_to_sclera_data': 'Data/vein_and_sclera_data', 'n_classes': 2, 'zero_out_non_sclera': False, 'add_sclera_to_img': False, 'add_bcosfire_to_img': True, 'add_coye_to_img': True}, 'data_path': 'Data/vein_and_sclera_data', 'train_dataset': <dataset.IrisDataset object at 0x7d5daeb51130>, 'real_imgs': {'images': tensor([[[[0., 0., 0.,  ..., 0., 0., 0.],
          [0., 0., 0.,  ..., 0., 0., 0.],
          [0., 0., 0.,  ..., 0., 0., 0.],
          ...,
          [0., 0., 0.,  ..., 0., 0., 0.],
          [0., 0., 0.,  ..., 0., 0., 0.],
          [0., 0., 0.,  ..., 0., 0., 0.]],

         [[0., 0., 0.,  ..., 0., 0., 0.],
          [0., 0., 0.,  ..., 0., 0., 0.],
          [0., 0., 0.,  ..., 0., 0., 0.],
          ...,
          [0., 0., 0.,  ..., 0., 0., 0.],
          [0., 0., 0.,  ..., 0., 0., 0.],
          [0., 0., 0.,  ..., 0., 0., 0.]],

         [[0., 0., 0.,  ..., 0., 0., 0.],
          [0., 0., 0.,  ..., 0., 0., 0.],
          [0., 0., 0.,  ..., 0., 0., 0.],
          ...,
          [0., 0., 0.,  ..., 0., 0., 0.],
          [0., 0., 0.,  ..., 0., 0., 0.],
          [0., 0., 0.,  ..., 0., 0., 0.]],

         [[0., 0., 0.,  ..., 0., 0., 0.],
          [0., 0., 0.,  ..., 0., 0., 0.],
          [0., 0., 0.,  ..., 0., 0., 0.],
          ...,
          [0., 0., 0.,  ..., 0., 0., 0.],
          [0., 0., 0.,  ..., 0., 0., 0.],
          [0., 0., 0.,  ..., 0., 0., 0.]],

         [[0., 0., 0.,  ..., 0., 0., 0.],
          [0., 0., 0.,  ..., 0., 0., 0.],
          [0., 0., 0.,  ..., 0., 0., 0.],
          ...,
          [0., 0., 0.,  ..., 0., 0., 0.],
          [0., 0., 0.,  ..., 0., 0., 0.],
          [0., 0., 0.,  ..., 0., 0., 0.]]]]), 'veins': tensor([[[0, 0, 0,  ..., 0, 0, 0],
         [0, 0, 0,  ..., 0, 0, 0],
         [0, 0, 0,  ..., 0, 0, 0],
         ...,
         [0, 0, 0,  ..., 0, 0, 0],
         [0, 0, 0,  ..., 0, 0, 0],
         [0, 0, 0,  ..., 0, 0, 0]]]), 'scleras': tensor([[[[0., 0., 0.,  ..., 0., 0., 0.],
          [0., 0., 0.,  ..., 0., 0., 0.],
          [0., 0., 0.,  ..., 0., 0., 0.],
          ...,
          [0., 0., 0.,  ..., 0., 0., 0.],
          [0., 0., 0.,  ..., 0., 0., 0.],
          [0., 0., 0.,  ..., 0., 0., 0.]]]]), 'img_names': ['10L_l_1']}, 'smart_conversion': <function smart_conversion at 0x7d5cba517f70>, 'show_image': <function show_image at 0x7d5cba517ca0>, 'save_img_quick_figs': <function save_img_quick_figs at 0x7d5cba517b80>, 'save_imgs_quick_figs': <function save_imgs_quick_figs at 0x7d5cba517c10>, 'np': <module 'numpy' from '/home/matevz/miniforge3/envs/ipad/lib/python3.9/site-packages/numpy/__init__.py'>, 'torch': <module 'torch' from '/home/matevz/miniforge3/envs/ipad/lib/python3.9/site-packages/torch/__init__.py'>, 'plt': <module 'matplotlib.pyplot' from '/home/matevz/miniforge3/envs/ipad/lib/python3.9/site-packages/matplotlib/pyplot.py'>, 'osp': <module 'posixpath' from '/home/matevz/miniforge3/envs/ipad/lib/python3.9/posixpath.py'>, 'unfold_3chan': <function unfold_3chan at 0x7d5daeb95940>, 'patchify': <function patchify at 0x7d5cba521c10>, 'accumulate_patches': <function accumulate_patches at 0x7d5cba521ee0>, 'try_patchification': <function try_patchification at 0x7d5cba521f70>})[END_VAR], 
[START_VAR]kwds (<class 'dict'>) [__len__(): 0] = {}[END_VAR]




---------------
Frame 4
Filename: <frozen importlib._bootstrap_external>
                    Function exec_module 
                      Line: 850
Local variables:  
 [START_VAR]self (<class '_frozen_importlib_external.SourceFileLoader'>) = <_frozen_importlib_external.SourceFileLoader object at 0x7d5daeb97e80>[END_VAR], 
[START_VAR]module (<class 'module'>) = <module 'y_pyscripts.v_test_script' from '/home/matevz/Desktop/Diplomska/Framework/Work/y_pyscripts/v_test_script.py'>[END_VAR], 
[START_VAR]code (<class 'code'>) = <code object <module> at 0x7d5daeb56c90, file "/home/matevz/Desktop/Diplomska/Framework/Work/y_pyscripts/v_test_script.py", line 5>[END_VAR]




---------------
Frame 5
Filename: <frozen importlib._bootstrap>
                    Function _load_unlocked 
                      Line: 680
Local variables:  
 [START_VAR]spec (<class '_frozen_importlib.ModuleSpec'>) = ModuleSpec(name='y_pyscripts.v_test_script', loader=<_frozen_importlib_external.SourceFileLoader object at 0x7d5daeb97e80>, origin='/home/matevz/Desktop/Diplomska/Framework/Work/y_pyscripts/v_test_script.py')[END_VAR], 
[START_VAR]module (<class 'module'>) = <module 'y_pyscripts.v_test_script' from '/home/matevz/Desktop/Diplomska/Framework/Work/y_pyscripts/v_test_script.py'>[END_VAR]




---------------
Frame 6
Filename: <frozen importlib._bootstrap>
                    Function _find_and_load_unlocked 
                      Line: 986
Local variables:  
 [START_VAR]name (<class 'str'>) [__len__(): 25] = 'y_pyscripts.v_test_script'[END_VAR], 
[START_VAR]import_ (<class 'builtin_function_or_method'>) = <built-in function __import__>[END_VAR], 
[START_VAR]path (<class '_frozen_importlib_external._NamespacePath'>) [__len__(): 1] = _NamespacePath(['/home/matevz/Desktop/Diplomska/Framework/Work/y_pyscripts'])[END_VAR], 
[START_VAR]parent (<class 'str'>) [__len__(): 11] = 'y_pyscripts'[END_VAR], 
[START_VAR]parent_module (<class 'module'>) = <module 'y_pyscripts' (namespace)>[END_VAR], 
[START_VAR]spec (<class '_frozen_importlib.ModuleSpec'>) = ModuleSpec(name='y_pyscripts.v_test_script', loader=<_frozen_importlib_external.SourceFileLoader object at 0x7d5daeb97e80>, origin='/home/matevz/Desktop/Diplomska/Framework/Work/y_pyscripts/v_test_script.py')[END_VAR]




---------------
Frame 7
Filename: <frozen importlib._bootstrap>
                    Function _find_and_load 
                      Line: 1007
Local variables:  
 [START_VAR]name (<class 'str'>) [__len__(): 25] = 'y_pyscripts.v_test_script'[END_VAR], 
[START_VAR]import_ (<class 'builtin_function_or_method'>) = <built-in function __import__>[END_VAR], 
[START_VAR]module (<class 'object'>) = <object object at 0x7d5daed89060>[END_VAR]




---------------
Frame 8
Filename: runpy.py
                    Function _get_module_details 
                      Line: 111
Local variables:  
 [START_VAR]mod_name (<class 'str'>) [__len__(): 28] = 'y_pyscripts.v_test_script.py'[END_VAR], 
[START_VAR]error (<class 'type'>) = <class 'runpy._Error'>[END_VAR], 
[START_VAR]pkg_name (<class 'str'>) [__len__(): 25] = 'y_pyscripts.v_test_script'[END_VAR], 
[START_VAR]_ (<class 'str'>) [__len__(): 2] = 'py'[END_VAR]




---------------
Frame 9
Filename: runpy.py
                    Function _run_module_as_main 
                      Line: 188
Local variables:  
 [START_VAR]mod_name (<class 'str'>) [__len__(): 28] = 'y_pyscripts.v_test_script.py'[END_VAR], 
[START_VAR]alter_argv (<class 'bool'>) = True[END_VAR]

